#
# There is insufficient memory for the Java Runtime Environment to continue.
# Native memory allocation (mmap) failed to map 268435456 bytes for Failed to commit area from 0x00000006c1a00000 to 0x00000006d1a00000 of length 268435456.
# Possible reasons:
#   The system is out of physical RAM or swap space
#   The process is running with CompressedOops enabled, and the Java Heap may be blocking the growth of the native heap
# Possible solutions:
#   Reduce memory load on the system
#   Increase physical memory or swap space
#   Check if swap backing store is full
#   Decrease Java heap size (-Xmx/-Xms)
#   Decrease number of Java threads
#   Decrease Java thread stack sizes (-Xss)
#   Set larger code cache with -XX:ReservedCodeCacheSize=
# This output file may be truncated or incomplete.
#
#  Out of Memory Error (c:/workspace/9-2-build-windows-amd64-cygwin-phase2/jdk9/6725/hotspot/src/os/windows/vm/os_windows.cpp:3357), pid=23472, tid=23512
#
# JRE version:  (9.0+181) (build )
# Java VM: Java HotSpot(TM) 64-Bit Server VM (9+181, mixed mode, tiered, compressed oops, g1 gc, windows-amd64)
# No core dump will be written. Minidumps are not enabled by default on client versions of Windows
#

---------------  S U M M A R Y ------------

Command Line: -Dfile.encoding=MS949 Interface.MainUI

Host: Intel(R) Core(TM) i7-3770 CPU @ 3.40GHz, 8 cores, 15G,  Windows 10 , 64 bit Build 16299 (10.0.16299.15)
Time: Wed Dec 27 13:10:21 2017 ¢¥eCN©öI¡¾©ö C¡ÍA¨ª¨öA elapsed time: 2 seconds (0d 0h 0m 2s)

---------------  T H R E A D  ---------------

Current thread (0x000001c7c706b800):  JavaThread "Unknown thread" [_thread_in_vm, id=23512, stack(0x000000727bc00000,0x000000727bd00000)]

Stack: [0x000000727bc00000,0x000000727bd00000]
Native frames: (J=compiled Java code, j=interpreted, Vv=VM code, C=native code)
V  [jvm.dll+0x587108]
V  [jvm.dll+0x69c14e]
V  [jvm.dll+0x69d06a]
V  [jvm.dll+0x69d6a3]
V  [jvm.dll+0x21d3f8]
V  [jvm.dll+0x584c34]
V  [jvm.dll+0x57a075]
V  [jvm.dll+0x2cd7eb]
V  [jvm.dll+0x2cd753]
V  [jvm.dll+0x2cd622]
V  [jvm.dll+0x2cf613]
V  [jvm.dll+0x319613]
V  [jvm.dll+0x319d26]
V  [jvm.dll+0x319713]
V  [jvm.dll+0x2ae028]
V  [jvm.dll+0x2af257]
V  [jvm.dll+0x67b29d]
V  [jvm.dll+0x67c66c]
V  [jvm.dll+0x326dc9]
V  [jvm.dll+0x6652be]
V  [jvm.dll+0x391b91]
V  [jvm.dll+0x393b41]
C  [javaw.exe+0x3501]
C  [javaw.exe+0xe25f]
C  [javaw.exe+0xe406]
C  [KERNEL32.DLL+0x11fe4]
C  [ntdll.dll+0x6ef91]


---------------  P R O C E S S  ---------------

Java Threads: ( => current thread )

Other Threads:
  0x000001c7c7083000 GCTaskThread "GC Thread#0" [stack: 0x000000727bd00000,0x000000727be00000] [id=23516]
  0x000001c7c7084800 GCTaskThread "GC Thread#1" [stack: 0x000000727be00000,0x000000727bf00000] [id=23520]
  0x000001c7c7087800 GCTaskThread "GC Thread#2" [stack: 0x000000727bf00000,0x000000727c000000] [id=23524]
  0x000001c7c7089000 GCTaskThread "GC Thread#3" [stack: 0x000000727c000000,0x000000727c100000] [id=23528]
  0x000001c7c708f000 GCTaskThread "GC Thread#4" [stack: 0x000000727c100000,0x000000727c200000] [id=23532]
  0x000001c7c7093000 GCTaskThread "GC Thread#5" [stack: 0x000000727c200000,0x000000727c300000] [id=23536]
  0x000001c7c7095800 GCTaskThread "GC Thread#6" [stack: 0x000000727c300000,0x000000727c400000] [id=23540]
  0x000001c7c709b000 GCTaskThread "GC Thread#7" [stack: 0x000000727c400000,0x000000727c500000] [id=23544]
  0x000001c7c710d800 ConcurrentGCThread "G1 Main Marker" [stack: 0x000000727ce00000,0x000000727cf00000] [id=22568]
  0x000001c7c710e800 ConcurrentGCThread "G1 Marker#0" [stack: 0x000000727cf00000,0x000000727d000000] [id=21788]
  0x000001c7c710f000 ConcurrentGCThread "G1 Marker#1" [stack: 0x000000727d000000,0x000000727d100000] [id=22360]
  0x000001c7c70be800 ConcurrentGCThread "G1 Refine#0" [stack: 0x000000727cc00000,0x000000727cd00000] [id=22672]
  0x000001c7c70ad800 ConcurrentGCThread "G1 Refine#1" [stack: 0x000000727cb00000,0x000000727cc00000] [id=22424]
  0x000001c7c70aa800 ConcurrentGCThread "G1 Refine#2" [stack: 0x000000727ca00000,0x000000727cb00000] [id=22468]
  0x000001c7c70a9800 ConcurrentGCThread "G1 Refine#3" [stack: 0x000000727c900000,0x000000727ca00000] [id=19516]
  0x000001c7c70a8000 ConcurrentGCThread "G1 Refine#4" [stack: 0x000000727c800000,0x000000727c900000] [id=18824]
  0x000001c7c70a7000 ConcurrentGCThread "G1 Refine#5" [stack: 0x000000727c700000,0x000000727c800000] [id=20724]
  0x000001c7c70a3000 ConcurrentGCThread "G1 Refine#6" [stack: 0x000000727c600000,0x000000727c700000] [id=22032]
  0x000001c7c70a2000 ConcurrentGCThread "G1 Refine#7" [stack: 0x000000727c500000,0x000000727c600000] [id=23548]
  0x000001c7c70c2800 ConcurrentGCThread "G1 Young RemSet Sampling" [stack: 0x000000727cd00000,0x000000727ce00000] [id=22020]

=>0x000001c7c706b800 (exited) JavaThread "Unknown thread" [_thread_in_vm, id=23512, stack(0x000000727bc00000,0x000000727bd00000)]

Threads with active compile tasks:

VM state:not at safepoint (not fully initialized)

VM Mutex/Monitor currently owned by a thread:  ([mutex/lock_event])
[0x000001c7c706ad40] Heap_lock - owner thread: 0x000001c7c706b800

Heap address: 0x00000006c1a00000, size: 4070 MB, Compressed Oops mode: Non-zero based: 0x00000006c1a00000
Narrow klass base: 0x0000000000000000, Narrow klass shift: 0

GC Heap History (0 events):
No events

Deoptimization events (0 events):
No events

Classes redefined (0 events):
No events

Internal exceptions (0 events):
No events

Events (0 events):
No events


Dynamic libraries:
0x00007ff6dc590000 - 0x00007ff6dc5ce000 	C:\Program Files\Java\jdk-9\bin\javaw.exe
0x00007ffb1de30000 - 0x00007ffb1e010000 	C:\WINDOWS\SYSTEM32\ntdll.dll
0x00007ffb1d950000 - 0x00007ffb1d9fe000 	C:\WINDOWS\System32\KERNEL32.DLL
0x00007ffb1a360000 - 0x00007ffb1a5c6000 	C:\WINDOWS\System32\KERNELBASE.dll
0x00007ffb1dc20000 - 0x00007ffb1dcc1000 	C:\WINDOWS\System32\ADVAPI32.dll
0x00007ffb1cdd0000 - 0x00007ffb1ce6d000 	C:\WINDOWS\System32\msvcrt.dll
0x00007ffb1ca50000 - 0x00007ffb1caab000 	C:\WINDOWS\System32\sechost.dll
0x00007ffb1d6e0000 - 0x00007ffb1d7ff000 	C:\WINDOWS\System32\RPCRT4.dll
0x00007ffb1cb30000 - 0x00007ffb1ccbf000 	C:\WINDOWS\System32\USER32.dll
0x00007ffb1b060000 - 0x00007ffb1b080000 	C:\WINDOWS\System32\win32u.dll
0x00007ffb1dcf0000 - 0x00007ffb1dd18000 	C:\WINDOWS\System32\GDI32.dll
0x00007ffb1aec0000 - 0x00007ffb1b053000 	C:\WINDOWS\System32\gdi32full.dll
0x00007ffb1ae20000 - 0x00007ffb1aebb000 	C:\WINDOWS\System32\msvcp_win.dll
0x00007ffb1ad20000 - 0x00007ffb1ae16000 	C:\WINDOWS\System32\ucrtbase.dll
0x00007ffb0b890000 - 0x00007ffb0baf9000 	C:\WINDOWS\WinSxS\amd64_microsoft.windows.common-controls_6595b64144ccf1df_6.0.16299.98_none_cc930a042215c348\COMCTL32.dll
0x00007ffb139c0000 - 0x00007ffb139ca000 	C:\WINDOWS\SYSTEM32\VERSION.dll
0x00007ffb1d3d0000 - 0x00007ffb1d6d8000 	C:\WINDOWS\System32\combase.dll
0x00007ffb1a230000 - 0x00007ffb1a2a2000 	C:\WINDOWS\System32\bcryptPrimitives.dll
0x00007ffb1d3a0000 - 0x00007ffb1d3cd000 	C:\WINDOWS\System32\IMM32.DLL
0x00007ffb063b0000 - 0x00007ffb0649f000 	C:\Program Files\Java\jdk-9\bin\msvcr120.dll
0x00007ffb07b90000 - 0x00007ffb07c36000 	C:\Program Files\Java\jdk-9\bin\msvcp120.dll
0x00000000585d0000 - 0x0000000058ffa000 	C:\Program Files\Java\jdk-9\bin\server\jvm.dll
0x00007ffb1cb10000 - 0x00007ffb1cb18000 	C:\WINDOWS\System32\PSAPI.DLL
0x00007ffb0e5d0000 - 0x00007ffb0e5f3000 	C:\WINDOWS\SYSTEM32\WINMM.dll
0x00007ffb0e5c0000 - 0x00007ffb0e5c9000 	C:\WINDOWS\SYSTEM32\WSOCK32.dll
0x00007ffb1d2d0000 - 0x00007ffb1d33c000 	C:\WINDOWS\System32\WS2_32.dll
0x00007ffb0e1c0000 - 0x00007ffb0e1ea000 	C:\WINDOWS\SYSTEM32\WINMMBASE.dll
0x00007ffb1b080000 - 0x00007ffb1b0ca000 	C:\WINDOWS\System32\cfgmgr32.dll
0x00007ffb15890000 - 0x00007ffb1589f000 	C:\Program Files\Java\jdk-9\bin\verify.dll
0x00007ffb15860000 - 0x00007ffb15887000 	C:\Program Files\Java\jdk-9\bin\java.dll
0x00007ffb15840000 - 0x00007ffb15856000 	C:\Program Files\Java\jdk-9\bin\zip.dll
0x00007ffb15830000 - 0x00007ffb1583a000 	C:\Program Files\Java\jdk-9\bin\jimage.dll
0x00007ffb14f90000 - 0x00007ffb15158000 	C:\WINDOWS\SYSTEM32\dbghelp.dll

VM Arguments:
jvm_args: -Dfile.encoding=MS949 
java_command: Interface.MainUI
java_class_path (initial): C:\Users\204-21\git\mp3\Githubtest\bin
Launcher Type: SUN_STANDARD

Logging:
Log output configuration:
#0: stdout all=warning uptime,level,tags
#1: stderr all=off uptime,level,tags

Environment Variables:
PATH=C:/Program Files/Java/jdk-9/bin/server;C:/Program Files/Java/jdk-9/bin;C:\Program Files\Java\jdk-9\bin;C:\oraclexe\app\oracle\product\11.2.0\server\bin;C:\WINDOWS\system32;C:\WINDOWS;C:\WINDOWS\System32\Wbem;C:\WINDOWS\System32\WindowsPowerShell\v1.0\;C:\Users\204-21\AppData\Local\Microsoft\WindowsApps;C:\Users\204-21\AppData\Local\GitHubDesktop\bin;E:\SW-3\eclipse;
USERNAME=204-21
OS=Windows_NT
PROCESSOR_IDENTIFIER=Intel64 Family 6 Model 58 Stepping 9, GenuineIntel



---------------  S Y S T E M  ---------------

OS: Windows 10 , 64 bit Build 16299 (10.0.16299.15)

CPU:total 8 (initial active 8) (4 cores per cpu, 2 threads per core) family 6 model 58 stepping 9, cmov, cx8, fxsr, mmx, sse, sse2, sse3, ssse3, sse4.1, sse4.2, popcnt, avx, aes, clmul, erms, ht, tsc, tscinvbit, tscinv

Memory: 4k page, physical 16668504k(7784400k free), swap 35887540k(101568k free)

vm_info: Java HotSpot(TM) 64-Bit Server VM (9+181) for windows-amd64 JRE (9+181), built on Aug  2 2017 21:30:51 by "javare" with MS VC++ 12.0 (VS2013)

END.
